#-----------------------------------------------------------
# Vivado v2020.1 (64-bit)
# SW Build 2902540 on Wed May 27 19:54:35 MDT 2020
# IP Build 2902112 on Wed May 27 22:43:36 MDT 2020
# Start of session at: Sun Dec 27 13:04:39 2020
# Process ID: 21850
# Current directory: /home/cesar/EComp/iob-soc-knn/hardware/fpga/BASYS3
# Command line: vivado -nojournal -log vivado.log -mode batch -source synth_system.tcl -tclargs  ../../../submodules/UART/submodules/INTERCON/hardware/include  ../../../submodules/UART/hardware/include  ../../../submodules/TIMER/hardware/include  ../../../submodules/KNN/submodules/LIB/hardware/include  ../../../submodules/KNN/submodules/INTERCON/hardware/include   ../../../submodules/KNN/hardware/include  ../../../submodules/KNN/submodules/LIB/hardware/include  ../../../submodules/KNN/submodules/INTERCON/hardware/include  . ../../../hardware/include DDR_ADDR_W=30 BOOTROM_ADDR_W=14 SRAM_ADDR_W=16 FIRM_ADDR_W=16 CACHE_ADDR_W=24 INIT_MEM N_SLAVES=3 E=31  P=31 B=30 BAUD=115200 FREQ=100000000 UART=0 TIMER=1 KNN=2  DATA_W=32  HW_K=10  N_SOLVERS=38 ../../../submodules/CPU/hardware/src/picorv32.v ../../../submodules/CPU/hardware/src/iob_picorv32.v ../../../submodules/CACHE/submodules/MEM/sp_rom/sp_rom.v ../../../submodules/CACHE/submodules/MEM/tdp_ram/iob_tdp_ram.v ../../../submodules/UART/submodules/INTERCON/hardware/src/merge.v ../../../submodules/UART/submodules/INTERCON/hardware/src/split.v ../../../submodules/UART/hardware/src/iob_uart.v ../../../submodules/TIMER/hardware/src/iob_timer.v ../../../submodules/TIMER/hardware/src/timer.v ../../../submodules/KNN/hardware/src/sorter3.v ../../../submodules/KNN/hardware/src/dist.v ../../../submodules/KNN/hardware/src/mult.v ../../../submodules/KNN/hardware/src/iob_knn.v ../../../submodules/KNN/hardware/src/pipeline_sorter.v ../../../hardware/src/boot_ctr.v ../../../hardware/src/int_mem.v  ../../../hardware/src/sram.v  system.v ./verilog/top_system.v
# Log file: /home/cesar/EComp/iob-soc-knn/hardware/fpga/BASYS3/vivado.log
# Journal file: 
#-----------------------------------------------------------
source synth_system.tcl
# set TOP top_system
# set PART xc7a35tcpg236-1
# set INCLUDE [lindex $argv 0]
# set DEFINE [lindex $argv 1]
# set VSRC [lindex $argv 2]
# set USE_DDR [string last "USE_DDR" $DEFINE]
# foreach file [split $VSRC \ ] {
#     if {$file != ""} {
#         read_verilog -sv $file
#     }
# }
# set_property part $PART [current_project]
# if { $USE_DDR < 0 } {
#     read_verilog verilog/clock_wizard.v
# } else {
# 
#     read_xdc ./ddr.xdc
# 
# 
#     if { ![file isdirectory "./ip"]} {
#         file mkdir ./ip
#     }
# 
#     #async interconnect MIG<->Cache
#     if { [file isdirectory "./ip/axi_interconnect_0"] } {
#         read_ip ./ip/axi_interconnect_0/axi_interconnect_0.xci
#         report_property [get_files ./ip/axi_interconnect_0/axi_interconnect_0.xci]
#     } else {
# 
#         create_ip -name axi_interconnect -vendor xilinx.com -library ip -version 1.7 -module_name axi_interconnect_0 -dir ./ip -force
# 
#         set_property -dict \
#             [list \
#                  CONFIG.NUM_SLAVE_PORTS {1}\
#                  CONFIG.AXI_ADDR_WIDTH {30}\
#                  CONFIG.ACLK_PERIOD {5000} \
#                  CONFIG.INTERCONNECT_DATA_WIDTH {32}\
#                  CONFIG.M00_AXI_IS_ACLK_ASYNC {1}\
#                  CONFIG.M00_AXI_WRITE_FIFO_DEPTH {32}\
#                  CONFIG.M00_AXI_READ_FIFO_DEPTH {32}\
#                  CONFIG.S00_AXI_IS_ACLK_ASYNC {1}\
#                  CONFIG.S00_AXI_READ_FIFO_DEPTH {32}\
#                  CONFIG.S00_AXI_WRITE_FIFO_DEPTH {32}] [get_ips axi_interconnect_0]
# 
#         generate_target all [get_files ./ip/axi_interconnect_0/axi_interconnect_0.xci]
# 
#         report_property [get_ips axi_interconnect_0]
#         report_property [get_files ./ip/axi_interconnect_0/axi_interconnect_0.xci]
#         exec sed -i s/100/5/g ip/axi_interconnect_0/axi_interconnect_0_ooc.xdc
#         synth_ip [get_files ./ip/axi_interconnect_0/axi_interconnect_0.xci]
# 
#     }
# 
#     if { [file isdirectory "./ip/ddr4_0"] } {
# 	read_ip ./ip/ddr4_0/ddr4_0.xci
#         report_property [get_files ./ip/ddr4_0/ddr4_0.xci]
#     } else {
# 
#         create_ip -name ddr4 -vendor xilinx.com -library ip -version 2.2 -module_name ddr4_0 -dir ./ip -force
# 
#         set_property -dict \
#         [list \
#              CONFIG.C0.DDR4_TimePeriod {1250} \
#              CONFIG.C0.DDR4_InputClockPeriod {4000} \
#              CONFIG.C0.DDR4_CLKOUT0_DIVIDE {5} \
#              CONFIG.C0.DDR4_MemoryPart {EDY4016AABG-DR-F} \
#              CONFIG.C0.DDR4_DataWidth {32} \
#              CONFIG.C0.DDR4_AxiSelection {true} \
#              CONFIG.C0.DDR4_CasLatency {11} \
#              CONFIG.C0.DDR4_CasWriteLatency {11} \
#              CONFIG.C0.DDR4_AxiDataWidth {32} \
#              CONFIG.C0.DDR4_AxiAddressWidth {30} \
#              CONFIG.ADDN_UI_CLKOUT1_FREQ_HZ {100} \
#              CONFIG.C0.BANK_GROUP_WIDTH {1}] [get_ips ddr4_0]
# 
#         generate_target all [get_files ./ip/ddr4_0/ddr4_0.xci]
# 
#         report_property [get_ips ddr4_0]
#         report_property [get_files ./ip/ddr4_0/ddr4_0.xci]
# 
#         synth_ip [get_files ./ip/ddr4_0/ddr4_0.xci]
#     }
# 
# }
# read_xdc ./synth_system.xdc
# synth_design -include_dirs $INCLUDE -verilog_define $DEFINE -part $PART -top $TOP
Command: synth_design -include_dirs {../../../submodules/UART/submodules/INTERCON/hardware/include  ../../../submodules/UART/hardware/include  ../../../submodules/TIMER/hardware/include  ../../../submodules/KNN/submodules/LIB/hardware/include  ../../../submodules/KNN/submodules/INTERCON/hardware/include   ../../../submodules/KNN/hardware/include  ../../../submodules/KNN/submodules/LIB/hardware/include  ../../../submodules/KNN/submodules/INTERCON/hardware/include  . ../../../hardware/include} -verilog_define {DDR_ADDR_W=30 BOOTROM_ADDR_W=14 SRAM_ADDR_W=16 FIRM_ADDR_W=16 CACHE_ADDR_W=24 INIT_MEM N_SLAVES=3 E=31  P=31 B=30 BAUD=115200 FREQ=100000000 UART=0 TIMER=1 KNN=2  DATA_W=32  HW_K=10  N_SOLVERS=38} -part xc7a35tcpg236-1 -top top_system
Starting synth_design
Attempting to get a license for feature 'Synthesis' and/or device 'xc7a35t'
INFO: [Common 17-349] Got license for feature 'Synthesis' and/or device 'xc7a35t'
INFO: [Common 17-83] Releasing license: Synthesis
2 Infos, 0 Warnings, 0 Critical Warnings and 1 Errors encountered.
synth_design failed
INFO: [Common 17-344] 'synth_design' was cancelled
INFO: [Common 17-344] 'source' was cancelled
INFO: [Common 17-206] Exiting Vivado at Sun Dec 27 13:04:47 2020...
