#-----------------------------------------------------------
# Vivado v2020.1 (64-bit)
# SW Build 2902540 on Wed May 27 19:54:35 MDT 2020
# IP Build 2902112 on Wed May 27 22:43:36 MDT 2020
# Start of session at: Wed Nov 18 11:15:06 2020
# Process ID: 6700
# Current directory: /home/cesar/EComp/iob-soc-knn/hardware/fpga/BASYS3
# Command line: vivado -nojournal -log vivado.log -mode batch -source synth_system.tcl -tclargs  ../../../submodules/UART/submodules/INTERCON/hardware/include  ../../../submodules/UART/hardware/include  ../../../submodules/TIMER/hardware/include  ../../../submodules/KNN/submodules/LIB/hardware/include  ../../../submodules/KNN/submodules/INTERCON/hardware/include   ../../../submodules/KNN/hardware/include  ../../../submodules/KNN/submodules/LIB/hardware/include  ../../../submodules/KNN/submodules/INTERCON/hardware/include  . ../../../hardware/include DDR_ADDR_W=30 BOOTROM_ADDR_W=12 SRAM_ADDR_W=14 FIRM_ADDR_W=14 CACHE_ADDR_W=24 INIT_MEM N_SLAVES=3 E=31  P=31 B=30 BAUD=115200 FREQ=100000000 UART=0 TIMER=1 KNN=2  DATA_W=32 ../../../submodules/CPU/hardware/src/picorv32.v ../../../submodules/CPU/hardware/src/iob_picorv32.v ../../../submodules/CACHE/submodules/MEM/sp_rom/sp_rom.v ../../../submodules/CACHE/submodules/MEM/tdp_ram/iob_tdp_ram.v ../../../submodules/UART/submodules/INTERCON/hardware/src/merge.v ../../../submodules/UART/submodules/INTERCON/hardware/src/split.v ../../../submodules/UART/hardware/src/iob_uart.v ../../../submodules/TIMER/hardware/src/iob_timer.v ../../../submodules/TIMER/hardware/src/timer.v ../../../submodules/KNN/hardware/src/knn.v ../../../submodules/KNN/hardware/src/iob_knn.v ../../../hardware/src/boot_ctr.v ../../../hardware/src/int_mem.v  ../../../hardware/src/sram.v  system.v ./verilog/top_system.v
# Log file: /home/cesar/EComp/iob-soc-knn/hardware/fpga/BASYS3/vivado.log
# Journal file: 
#-----------------------------------------------------------
source synth_system.tcl
# set TOP top_system
# set PART xc7a35tcpg236-1
# set INCLUDE [lindex $argv 0]
# set DEFINE [lindex $argv 1]
# set VSRC [lindex $argv 2]
# set USE_DDR [string last "USE_DDR" $DEFINE]
# foreach file [split $VSRC \ ] {
#     if {$file != ""} {
#         read_verilog -sv $file
#     }
# }
# set_property part $PART [current_project]
# if { $USE_DDR < 0 } {
#     read_verilog verilog/clock_wizard.v
# } else {
# 
#     read_xdc ./ddr.xdc
# 
# 
#     if { ![file isdirectory "./ip"]} {
#         file mkdir ./ip
#     }
# 
#     #async interconnect MIG<->Cache
#     if { [file isdirectory "./ip/axi_interconnect_0"] } {
#         read_ip ./ip/axi_interconnect_0/axi_interconnect_0.xci
#         report_property [get_files ./ip/axi_interconnect_0/axi_interconnect_0.xci]
#     } else {
# 
#         create_ip -name axi_interconnect -vendor xilinx.com -library ip -version 1.7 -module_name axi_interconnect_0 -dir ./ip -force
# 
#         set_property -dict \
#             [list \
#                  CONFIG.NUM_SLAVE_PORTS {1}\
#                  CONFIG.AXI_ADDR_WIDTH {30}\
#                  CONFIG.ACLK_PERIOD {5000} \
#                  CONFIG.INTERCONNECT_DATA_WIDTH {32}\
#                  CONFIG.M00_AXI_IS_ACLK_ASYNC {1}\
#                  CONFIG.M00_AXI_WRITE_FIFO_DEPTH {32}\
#                  CONFIG.M00_AXI_READ_FIFO_DEPTH {32}\
#                  CONFIG.S00_AXI_IS_ACLK_ASYNC {1}\
#                  CONFIG.S00_AXI_READ_FIFO_DEPTH {32}\
#                  CONFIG.S00_AXI_WRITE_FIFO_DEPTH {32}] [get_ips axi_interconnect_0]
# 
#         generate_target all [get_files ./ip/axi_interconnect_0/axi_interconnect_0.xci]
# 
#         report_property [get_ips axi_interconnect_0]
#         report_property [get_files ./ip/axi_interconnect_0/axi_interconnect_0.xci]
#         exec sed -i s/100/5/g ip/axi_interconnect_0/axi_interconnect_0_ooc.xdc
#         synth_ip [get_files ./ip/axi_interconnect_0/axi_interconnect_0.xci]
# 
#     }
# 
#     if { [file isdirectory "./ip/ddr4_0"] } {
# 	read_ip ./ip/ddr4_0/ddr4_0.xci
#         report_property [get_files ./ip/ddr4_0/ddr4_0.xci]
#     } else {
# 
#         create_ip -name ddr4 -vendor xilinx.com -library ip -version 2.2 -module_name ddr4_0 -dir ./ip -force
# 
#         set_property -dict \
#         [list \
#              CONFIG.C0.DDR4_TimePeriod {1250} \
#              CONFIG.C0.DDR4_InputClockPeriod {4000} \
#              CONFIG.C0.DDR4_CLKOUT0_DIVIDE {5} \
#              CONFIG.C0.DDR4_MemoryPart {EDY4016AABG-DR-F} \
#              CONFIG.C0.DDR4_DataWidth {32} \
#              CONFIG.C0.DDR4_AxiSelection {true} \
#              CONFIG.C0.DDR4_CasLatency {11} \
#              CONFIG.C0.DDR4_CasWriteLatency {11} \
#              CONFIG.C0.DDR4_AxiDataWidth {32} \
#              CONFIG.C0.DDR4_AxiAddressWidth {30} \
#              CONFIG.ADDN_UI_CLKOUT1_FREQ_HZ {100} \
#              CONFIG.C0.BANK_GROUP_WIDTH {1}] [get_ips ddr4_0]
# 
#         generate_target all [get_files ./ip/ddr4_0/ddr4_0.xci]
# 
#         report_property [get_ips ddr4_0]
#         report_property [get_files ./ip/ddr4_0/ddr4_0.xci]
# 
#         synth_ip [get_files ./ip/ddr4_0/ddr4_0.xci]
#     }
# 
# }
# read_xdc ./synth_system.xdc
# synth_design -include_dirs $INCLUDE -verilog_define $DEFINE -part $PART -top $TOP
Command: synth_design -include_dirs {../../../submodules/UART/submodules/INTERCON/hardware/include  ../../../submodules/UART/hardware/include  ../../../submodules/TIMER/hardware/include  ../../../submodules/KNN/submodules/LIB/hardware/include  ../../../submodules/KNN/submodules/INTERCON/hardware/include   ../../../submodules/KNN/hardware/include  ../../../submodules/KNN/submodules/LIB/hardware/include  ../../../submodules/KNN/submodules/INTERCON/hardware/include  . ../../../hardware/include} -verilog_define {DDR_ADDR_W=30 BOOTROM_ADDR_W=12 SRAM_ADDR_W=14 FIRM_ADDR_W=14 CACHE_ADDR_W=24 INIT_MEM N_SLAVES=3 E=31  P=31 B=30 BAUD=115200 FREQ=100000000 UART=0 TIMER=1 KNN=2  DATA_W=32} -part xc7a35tcpg236-1 -top top_system
Starting synth_design
Attempting to get a license for feature 'Synthesis' and/or device 'xc7a35t'
INFO: [Common 17-349] Got license for feature 'Synthesis' and/or device 'xc7a35t'
INFO: [Device 21-403] Loading part xc7a35tcpg236-1
INFO: [Synth 8-7079] Multithreading enabled for synth_design using a maximum of 4 processes.
INFO: [Synth 8-7078] Launching helper process for spawning children vivado processes
INFO: [Synth 8-7075] Helper process launched with PID 6707
---------------------------------------------------------------------------------
Starting RTL Elaboration : Time (s): cpu = 00:00:03 ; elapsed = 00:00:04 . Memory (MB): peak = 2119.465 ; gain = 0.000 ; free physical = 710 ; free virtual = 11964
---------------------------------------------------------------------------------
INFO: [Synth 8-6157] synthesizing module 'top_system' [/home/cesar/EComp/iob-soc-knn/hardware/fpga/BASYS3/verilog/top_system.v:4]
INFO: [Synth 8-6157] synthesizing module 'system' [/home/cesar/EComp/iob-soc-knn/hardware/fpga/BASYS3/system.v:13]
	Parameter ADDR_W bound to: 32 - type: integer 
	Parameter DATA_W bound to: 32 - type: integer 
INFO: [Synth 8-6157] synthesizing module 'iob_picorv32' [/home/cesar/EComp/iob-soc-knn/submodules/CPU/hardware/src/iob_picorv32.v:28]
	Parameter ADDR_W bound to: 32 - type: integer 
	Parameter DATA_W bound to: 32 - type: integer 
INFO: [Synth 8-6157] synthesizing module 'picorv32' [/home/cesar/EComp/iob-soc-knn/submodules/CPU/hardware/src/picorv32.v:57]
	Parameter ENABLE_COUNTERS bound to: 1'b1 
	Parameter ENABLE_COUNTERS64 bound to: 1'b1 
	Parameter ENABLE_REGS_16_31 bound to: 1'b1 
	Parameter ENABLE_REGS_DUALPORT bound to: 1'b1 
	Parameter LATCHED_MEM_RDATA bound to: 1'b0 
	Parameter TWO_STAGE_SHIFT bound to: 1'b1 
	Parameter BARREL_SHIFTER bound to: 1'b1 
	Parameter TWO_CYCLE_COMPARE bound to: 1'b0 
	Parameter TWO_CYCLE_ALU bound to: 1'b0 
	Parameter COMPRESSED_ISA bound to: 1'b0 
	Parameter CATCH_MISALIGN bound to: 1'b1 
	Parameter CATCH_ILLINSN bound to: 1'b1 
	Parameter ENABLE_PCPI bound to: 1'b0 
	Parameter ENABLE_MUL bound to: 1'b0 
	Parameter ENABLE_FAST_MUL bound to: 1'b1 
	Parameter ENABLE_DIV bound to: 1'b1 
	Parameter ENABLE_IRQ bound to: 1'b0 
	Parameter ENABLE_IRQ_QREGS bound to: 1'b1 
	Parameter ENABLE_IRQ_TIMER bound to: 1'b1 
	Parameter ENABLE_TRACE bound to: 1'b0 
	Parameter REGS_INIT_ZERO bound to: 1'b0 
	Parameter MASKED_IRQ bound to: 0 - type: integer 
	Parameter LATCHED_IRQ bound to: -1 - type: integer 
	Parameter PROGADDR_RESET bound to: 0 - type: integer 
	Parameter PROGADDR_IRQ bound to: 16 - type: integer 
	Parameter STACKADDR bound to: -1 - type: integer 
	Parameter irq_timer bound to: 0 - type: integer 
	Parameter irq_ebreak bound to: 1 - type: integer 
	Parameter irq_buserror bound to: 2 - type: integer 
	Parameter irqregs_offset bound to: 32 - type: integer 
	Parameter regfile_size bound to: 32 - type: integer 
	Parameter regindex_bits bound to: 5 - type: integer 
	Parameter WITH_PCPI bound to: 1'b1 
	Parameter TRACE_BRANCH bound to: 36'b000100000000000000000000000000000000 
	Parameter TRACE_ADDR bound to: 36'b001000000000000000000000000000000000 
	Parameter TRACE_IRQ bound to: 36'b100000000000000000000000000000000000 
	Parameter cpu_state_trap bound to: 8'b10000000 
	Parameter cpu_state_fetch bound to: 8'b01000000 
	Parameter cpu_state_ld_rs1 bound to: 8'b00100000 
	Parameter cpu_state_ld_rs2 bound to: 8'b00010000 
	Parameter cpu_state_exec bound to: 8'b00001000 
	Parameter cpu_state_shift bound to: 8'b00000100 
	Parameter cpu_state_stmem bound to: 8'b00000010 
	Parameter cpu_state_ldmem bound to: 8'b00000001 
INFO: [Synth 8-6157] synthesizing module 'picorv32_pcpi_fast_mul' [/home/cesar/EComp/iob-soc-knn/submodules/CPU/hardware/src/picorv32.v:2271]
	Parameter EXTRA_MUL_FFS bound to: 0 - type: integer 
	Parameter EXTRA_INSN_FFS bound to: 0 - type: integer 
	Parameter MUL_CLKGATE bound to: 0 - type: integer 
INFO: [Synth 8-155] case statement is not full and has no default [/home/cesar/EComp/iob-soc-knn/submodules/CPU/hardware/src/picorv32.v:2308]
INFO: [Synth 8-6155] done synthesizing module 'picorv32_pcpi_fast_mul' (1#1) [/home/cesar/EComp/iob-soc-knn/submodules/CPU/hardware/src/picorv32.v:2271]
INFO: [Synth 8-6157] synthesizing module 'picorv32_pcpi_div' [/home/cesar/EComp/iob-soc-knn/submodules/CPU/hardware/src/picorv32.v:2373]
INFO: [Synth 8-155] case statement is not full and has no default [/home/cesar/EComp/iob-soc-knn/submodules/CPU/hardware/src/picorv32.v:2398]
INFO: [Synth 8-6155] done synthesizing module 'picorv32_pcpi_div' (2#1) [/home/cesar/EComp/iob-soc-knn/submodules/CPU/hardware/src/picorv32.v:2373]
INFO: [Synth 8-155] case statement is not full and has no default [/home/cesar/EComp/iob-soc-knn/submodules/CPU/hardware/src/picorv32.v:386]
INFO: [Synth 8-155] case statement is not full and has no default [/home/cesar/EComp/iob-soc-knn/submodules/CPU/hardware/src/picorv32.v:1496]
INFO: [Synth 8-6155] done synthesizing module 'picorv32' (3#1) [/home/cesar/EComp/iob-soc-knn/submodules/CPU/hardware/src/picorv32.v:57]
WARNING: [Synth 8-7071] port 'mem_la_read' of module 'picorv32' is unconnected for instance 'picorv32_core' [/home/cesar/EComp/iob-soc-knn/submodules/CPU/hardware/src/iob_picorv32.v:87]
WARNING: [Synth 8-7071] port 'mem_la_write' of module 'picorv32' is unconnected for instance 'picorv32_core' [/home/cesar/EComp/iob-soc-knn/submodules/CPU/hardware/src/iob_picorv32.v:87]
WARNING: [Synth 8-7071] port 'mem_la_addr' of module 'picorv32' is unconnected for instance 'picorv32_core' [/home/cesar/EComp/iob-soc-knn/submodules/CPU/hardware/src/iob_picorv32.v:87]
WARNING: [Synth 8-7071] port 'mem_la_wdata' of module 'picorv32' is unconnected for instance 'picorv32_core' [/home/cesar/EComp/iob-soc-knn/submodules/CPU/hardware/src/iob_picorv32.v:87]
WARNING: [Synth 8-7071] port 'mem_la_wstrb' of module 'picorv32' is unconnected for instance 'picorv32_core' [/home/cesar/EComp/iob-soc-knn/submodules/CPU/hardware/src/iob_picorv32.v:87]
WARNING: [Synth 8-7023] instance 'picorv32_core' of module 'picorv32' has 27 connections declared, but only 22 given [/home/cesar/EComp/iob-soc-knn/submodules/CPU/hardware/src/iob_picorv32.v:87]
INFO: [Synth 8-6155] done synthesizing module 'iob_picorv32' (4#1) [/home/cesar/EComp/iob-soc-knn/submodules/CPU/hardware/src/iob_picorv32.v:28]
INFO: [Synth 8-6157] synthesizing module 'split' [/home/cesar/EComp/iob-soc-knn/submodules/UART/submodules/INTERCON/hardware/src/split.v:4]
	Parameter DATA_W bound to: 32 - type: integer 
	Parameter ADDR_W bound to: 32 - type: integer 
	Parameter N_SLAVES bound to: 1 - type: integer 
	Parameter P_SLAVES bound to: 67 - type: integer 
	Parameter Nb bound to: 1 - type: integer 
INFO: [Synth 8-6155] done synthesizing module 'split' (5#1) [/home/cesar/EComp/iob-soc-knn/submodules/UART/submodules/INTERCON/hardware/src/split.v:4]
INFO: [Synth 8-6157] synthesizing module 'split__parameterized0' [/home/cesar/EComp/iob-soc-knn/submodules/UART/submodules/INTERCON/hardware/src/split.v:4]
	Parameter DATA_W bound to: 32 - type: integer 
	Parameter ADDR_W bound to: 32 - type: integer 
	Parameter N_SLAVES bound to: 2 - type: integer 
	Parameter P_SLAVES bound to: 67 - type: integer 
	Parameter Nb bound to: 1 - type: integer 
INFO: [Synth 8-6155] done synthesizing module 'split__parameterized0' (5#1) [/home/cesar/EComp/iob-soc-knn/submodules/UART/submodules/INTERCON/hardware/src/split.v:4]
INFO: [Synth 8-6157] synthesizing module 'split__parameterized1' [/home/cesar/EComp/iob-soc-knn/submodules/UART/submodules/INTERCON/hardware/src/split.v:4]
	Parameter DATA_W bound to: 32 - type: integer 
	Parameter ADDR_W bound to: 32 - type: integer 
	Parameter N_SLAVES bound to: 3 - type: integer 
	Parameter P_SLAVES bound to: 66 - type: integer 
	Parameter Nb bound to: 2 - type: integer 
INFO: [Synth 8-6155] done synthesizing module 'split__parameterized1' (5#1) [/home/cesar/EComp/iob-soc-knn/submodules/UART/submodules/INTERCON/hardware/src/split.v:4]
INFO: [Synth 8-6157] synthesizing module 'int_mem' [/home/cesar/EComp/iob-soc-knn/hardware/src/int_mem.v:5]
	Parameter ADDR_W bound to: 32 - type: integer 
	Parameter DATA_W bound to: 32 - type: integer 
INFO: [Synth 8-6157] synthesizing module 'split__parameterized2' [/home/cesar/EComp/iob-soc-knn/submodules/UART/submodules/INTERCON/hardware/src/split.v:4]
	Parameter DATA_W bound to: 32 - type: integer 
	Parameter ADDR_W bound to: 32 - type: integer 
	Parameter N_SLAVES bound to: 2 - type: integer 
	Parameter P_SLAVES bound to: 66 - type: integer 
	Parameter Nb bound to: 1 - type: integer 
INFO: [Synth 8-6155] done synthesizing module 'split__parameterized2' (5#1) [/home/cesar/EComp/iob-soc-knn/submodules/UART/submodules/INTERCON/hardware/src/split.v:4]
INFO: [Synth 8-6157] synthesizing module 'boot_ctr' [/home/cesar/EComp/iob-soc-knn/hardware/src/boot_ctr.v:5]
INFO: [Synth 8-6157] synthesizing module 'sp_rom' [/home/cesar/EComp/iob-soc-knn/submodules/CACHE/submodules/MEM/sp_rom/sp_rom.v:3]
	Parameter DATA_W bound to: 32 - type: integer 
	Parameter ADDR_W bound to: 10 - type: integer 
	Parameter FILE bound to: boot.hex - type: string 
	Parameter mem_init_file_int bound to: boot.hex - type: string 
INFO: [Synth 8-3876] $readmem data file 'boot.hex' is read successfully [/home/cesar/EComp/iob-soc-knn/submodules/CACHE/submodules/MEM/sp_rom/sp_rom.v:23]
INFO: [Synth 8-6155] done synthesizing module 'sp_rom' (6#1) [/home/cesar/EComp/iob-soc-knn/submodules/CACHE/submodules/MEM/sp_rom/sp_rom.v:3]
INFO: [Synth 8-6155] done synthesizing module 'boot_ctr' (7#1) [/home/cesar/EComp/iob-soc-knn/hardware/src/boot_ctr.v:5]
INFO: [Synth 8-6157] synthesizing module 'merge' [/home/cesar/EComp/iob-soc-knn/submodules/UART/submodules/INTERCON/hardware/src/merge.v:5]
	Parameter N_MASTERS bound to: 2 - type: integer 
	Parameter DATA_W bound to: 32 - type: integer 
	Parameter ADDR_W bound to: 32 - type: integer 
	Parameter Nb bound to: 1 - type: integer 
INFO: [Synth 8-6155] done synthesizing module 'merge' (8#1) [/home/cesar/EComp/iob-soc-knn/submodules/UART/submodules/INTERCON/hardware/src/merge.v:5]
INFO: [Synth 8-6157] synthesizing module 'sram' [/home/cesar/EComp/iob-soc-knn/hardware/src/sram.v:4]
	Parameter FILE bound to: firmware - type: string 
	Parameter file_suffix bound to: 858927408 - type: integer 
INFO: [Synth 8-6157] synthesizing module 'iob_tdp_ram' [/home/cesar/EComp/iob-soc-knn/submodules/CACHE/submodules/MEM/tdp_ram/iob_tdp_ram.v:3]
	Parameter MEM_INIT_FILE bound to: 112'b0110011001101001011100100110110101110111011000010111001001100101010111110011000000101110011010000110010101111000 
	Parameter DATA_W bound to: 8 - type: integer 
	Parameter ADDR_W bound to: 12 - type: integer 
	Parameter mem_init_file_int bound to: 112'b0110011001101001011100100110110101110111011000010111001001100101010111110011000000101110011010000110010101111000 
INFO: [Synth 8-3876] $readmem data file 'firmware_0.hex' is read successfully [/home/cesar/EComp/iob-soc-knn/submodules/CACHE/submodules/MEM/tdp_ram/iob_tdp_ram.v:35]
INFO: [Synth 8-6155] done synthesizing module 'iob_tdp_ram' (9#1) [/home/cesar/EComp/iob-soc-knn/submodules/CACHE/submodules/MEM/tdp_ram/iob_tdp_ram.v:3]
INFO: [Synth 8-6157] synthesizing module 'iob_tdp_ram__parameterized0' [/home/cesar/EComp/iob-soc-knn/submodules/CACHE/submodules/MEM/tdp_ram/iob_tdp_ram.v:3]
	Parameter MEM_INIT_FILE bound to: 112'b0110011001101001011100100110110101110111011000010111001001100101010111110011000100101110011010000110010101111000 
	Parameter DATA_W bound to: 8 - type: integer 
	Parameter ADDR_W bound to: 12 - type: integer 
	Parameter mem_init_file_int bound to: 112'b0110011001101001011100100110110101110111011000010111001001100101010111110011000100101110011010000110010101111000 
INFO: [Synth 8-3876] $readmem data file 'firmware_1.hex' is read successfully [/home/cesar/EComp/iob-soc-knn/submodules/CACHE/submodules/MEM/tdp_ram/iob_tdp_ram.v:35]
INFO: [Synth 8-6155] done synthesizing module 'iob_tdp_ram__parameterized0' (9#1) [/home/cesar/EComp/iob-soc-knn/submodules/CACHE/submodules/MEM/tdp_ram/iob_tdp_ram.v:3]
INFO: [Synth 8-6157] synthesizing module 'iob_tdp_ram__parameterized1' [/home/cesar/EComp/iob-soc-knn/submodules/CACHE/submodules/MEM/tdp_ram/iob_tdp_ram.v:3]
	Parameter MEM_INIT_FILE bound to: 112'b0110011001101001011100100110110101110111011000010111001001100101010111110011001000101110011010000110010101111000 
	Parameter DATA_W bound to: 8 - type: integer 
	Parameter ADDR_W bound to: 12 - type: integer 
	Parameter mem_init_file_int bound to: 112'b0110011001101001011100100110110101110111011000010111001001100101010111110011001000101110011010000110010101111000 
INFO: [Synth 8-3876] $readmem data file 'firmware_2.hex' is read successfully [/home/cesar/EComp/iob-soc-knn/submodules/CACHE/submodules/MEM/tdp_ram/iob_tdp_ram.v:35]
INFO: [Synth 8-6155] done synthesizing module 'iob_tdp_ram__parameterized1' (9#1) [/home/cesar/EComp/iob-soc-knn/submodules/CACHE/submodules/MEM/tdp_ram/iob_tdp_ram.v:3]
INFO: [Synth 8-6157] synthesizing module 'iob_tdp_ram__parameterized2' [/home/cesar/EComp/iob-soc-knn/submodules/CACHE/submodules/MEM/tdp_ram/iob_tdp_ram.v:3]
	Parameter MEM_INIT_FILE bound to: 112'b0110011001101001011100100110110101110111011000010111001001100101010111110011001100101110011010000110010101111000 
	Parameter DATA_W bound to: 8 - type: integer 
	Parameter ADDR_W bound to: 12 - type: integer 
	Parameter mem_init_file_int bound to: 112'b0110011001101001011100100110110101110111011000010111001001100101010111110011001100101110011010000110010101111000 
INFO: [Synth 8-3876] $readmem data file 'firmware_3.hex' is read successfully [/home/cesar/EComp/iob-soc-knn/submodules/CACHE/submodules/MEM/tdp_ram/iob_tdp_ram.v:35]
INFO: [Synth 8-6155] done synthesizing module 'iob_tdp_ram__parameterized2' (9#1) [/home/cesar/EComp/iob-soc-knn/submodules/CACHE/submodules/MEM/tdp_ram/iob_tdp_ram.v:3]
INFO: [Synth 8-6155] done synthesizing module 'sram' (10#1) [/home/cesar/EComp/iob-soc-knn/hardware/src/sram.v:4]
INFO: [Synth 8-6155] done synthesizing module 'int_mem' (11#1) [/home/cesar/EComp/iob-soc-knn/hardware/src/int_mem.v:5]
INFO: [Synth 8-6157] synthesizing module 'iob_uart' [/home/cesar/EComp/iob-soc-knn/submodules/UART/hardware/src/iob_uart.v:4]
	Parameter DATA_W bound to: 32 - type: integer 
INFO: [Synth 8-6155] done synthesizing module 'iob_uart' (12#1) [/home/cesar/EComp/iob-soc-knn/submodules/UART/hardware/src/iob_uart.v:4]
INFO: [Synth 8-6157] synthesizing module 'iob_timer' [/home/cesar/EComp/iob-soc-knn/submodules/TIMER/hardware/src/iob_timer.v:6]
	Parameter ADDR_W bound to: 3 - type: integer 
	Parameter DATA_W bound to: 32 - type: integer 
	Parameter WDATA_W bound to: 1 - type: integer 
INFO: [Synth 8-6157] synthesizing module 'timer_core' [/home/cesar/EComp/iob-soc-knn/submodules/TIMER/hardware/src/timer.v:5]
	Parameter DATA_W bound to: 32 - type: integer 
INFO: [Synth 8-6155] done synthesizing module 'timer_core' (13#1) [/home/cesar/EComp/iob-soc-knn/submodules/TIMER/hardware/src/timer.v:5]
INFO: [Synth 8-6155] done synthesizing module 'iob_timer' (14#1) [/home/cesar/EComp/iob-soc-knn/submodules/TIMER/hardware/src/iob_timer.v:6]
INFO: [Synth 8-6157] synthesizing module 'iob_knn' [/home/cesar/EComp/iob-soc-knn/submodules/KNN/hardware/src/iob_knn.v:6]
	Parameter ADDR_W bound to: 3 - type: integer 
	Parameter DATA_W bound to: 32 - type: integer 
	Parameter WDATA_W bound to: 32 - type: integer 
INFO: [Synth 8-6157] synthesizing module 'knn_core' [/home/cesar/EComp/iob-soc-knn/submodules/KNN/hardware/src/knn.v:4]
	Parameter DATA_W bound to: 32 - type: integer 
INFO: [Synth 8-6155] done synthesizing module 'knn_core' (15#1) [/home/cesar/EComp/iob-soc-knn/submodules/KNN/hardware/src/knn.v:4]
INFO: [Synth 8-6155] done synthesizing module 'iob_knn' (16#1) [/home/cesar/EComp/iob-soc-knn/submodules/KNN/hardware/src/iob_knn.v:6]
INFO: [Synth 8-6155] done synthesizing module 'system' (17#1) [/home/cesar/EComp/iob-soc-knn/hardware/fpga/BASYS3/system.v:13]
INFO: [Synth 8-6155] done synthesizing module 'top_system' (18#1) [/home/cesar/EComp/iob-soc-knn/hardware/fpga/BASYS3/verilog/top_system.v:4]
---------------------------------------------------------------------------------
Finished RTL Elaboration : Time (s): cpu = 00:00:05 ; elapsed = 00:00:06 . Memory (MB): peak = 2119.465 ; gain = 0.000 ; free physical = 778 ; free virtual = 12035
---------------------------------------------------------------------------------
---------------------------------------------------------------------------------
Start Handling Custom Attributes
---------------------------------------------------------------------------------
---------------------------------------------------------------------------------
Finished Handling Custom Attributes : Time (s): cpu = 00:00:05 ; elapsed = 00:00:07 . Memory (MB): peak = 2119.465 ; gain = 0.000 ; free physical = 784 ; free virtual = 12041
---------------------------------------------------------------------------------
---------------------------------------------------------------------------------
Finished RTL Optimization Phase 1 : Time (s): cpu = 00:00:05 ; elapsed = 00:00:07 . Memory (MB): peak = 2119.465 ; gain = 0.000 ; free physical = 784 ; free virtual = 12041
---------------------------------------------------------------------------------
Netlist sorting complete. Time (s): cpu = 00:00:00.03 ; elapsed = 00:00:00.04 . Memory (MB): peak = 2119.465 ; gain = 0.000 ; free physical = 774 ; free virtual = 12031
INFO: [Project 1-570] Preparing netlist for logic optimization

Processing XDC Constraints
Initializing timing engine
Parsing XDC File [/home/cesar/EComp/iob-soc-knn/hardware/fpga/BASYS3/synth_system.xdc]
Finished Parsing XDC File [/home/cesar/EComp/iob-soc-knn/hardware/fpga/BASYS3/synth_system.xdc]
INFO: [Project 1-236] Implementation specific constraints were found while reading constraint file [/home/cesar/EComp/iob-soc-knn/hardware/fpga/BASYS3/synth_system.xdc]. These constraints will be ignored for synthesis but will be used in implementation. Impacted constraints are listed in the file [.Xil/top_system_propImpl.xdc].
Resolution: To avoid this warning, move constraints listed in [.Xil/top_system_propImpl.xdc] to another XDC file and exclude this new file from synthesis with the used_in_synthesis property (File Properties dialog in GUI) and re-run elaboration/synthesis.
Completed Processing XDC Constraints

Netlist sorting complete. Time (s): cpu = 00:00:00 ; elapsed = 00:00:00 . Memory (MB): peak = 2216.160 ; gain = 0.000 ; free physical = 661 ; free virtual = 11934
INFO: [Project 1-111] Unisim Transformation Summary:
No Unisim elements were transformed.

Constraint Validation Runtime : Time (s): cpu = 00:00:00.01 ; elapsed = 00:00:00.01 . Memory (MB): peak = 2216.160 ; gain = 0.000 ; free physical = 661 ; free virtual = 11934
---------------------------------------------------------------------------------
Finished Constraint Validation : Time (s): cpu = 00:00:11 ; elapsed = 00:00:13 . Memory (MB): peak = 2216.160 ; gain = 96.695 ; free physical = 742 ; free virtual = 12015
---------------------------------------------------------------------------------
---------------------------------------------------------------------------------
Start Loading Part and Timing Information
---------------------------------------------------------------------------------
Loading part: xc7a35tcpg236-1
---------------------------------------------------------------------------------
Finished Loading Part and Timing Information : Time (s): cpu = 00:00:11 ; elapsed = 00:00:13 . Memory (MB): peak = 2216.160 ; gain = 96.695 ; free physical = 742 ; free virtual = 12015
---------------------------------------------------------------------------------
---------------------------------------------------------------------------------
Start Applying 'set_property' XDC Constraints
---------------------------------------------------------------------------------
---------------------------------------------------------------------------------
Finished applying 'set_property' XDC Constraints : Time (s): cpu = 00:00:11 ; elapsed = 00:00:13 . Memory (MB): peak = 2216.160 ; gain = 96.695 ; free physical = 742 ; free virtual = 12015
---------------------------------------------------------------------------------
WARNING: [Synth 8-327] inferring latch for variable 'mem_rdata_word_reg' [/home/cesar/EComp/iob-soc-knn/submodules/CPU/hardware/src/picorv32.v:390]
WARNING: [Synth 8-327] inferring latch for variable 'mem_la_wdata_reg' [/home/cesar/EComp/iob-soc-knn/submodules/CPU/hardware/src/picorv32.v:388]
WARNING: [Synth 8-327] inferring latch for variable 'mem_la_wstrb_reg' [/home/cesar/EComp/iob-soc-knn/submodules/CPU/hardware/src/picorv32.v:389]
INFO: [Synth 8-3971] The signal "iob_tdp_ram:/ram_reg" was recognized as a true dual port RAM template.
INFO: [Synth 8-3971] The signal "iob_tdp_ram__parameterized0:/ram_reg" was recognized as a true dual port RAM template.
INFO: [Synth 8-3971] The signal "iob_tdp_ram__parameterized1:/ram_reg" was recognized as a true dual port RAM template.
INFO: [Synth 8-3971] The signal "iob_tdp_ram__parameterized2:/ram_reg" was recognized as a true dual port RAM template.
---------------------------------------------------------------------------------
Finished RTL Optimization Phase 2 : Time (s): cpu = 00:00:12 ; elapsed = 00:00:15 . Memory (MB): peak = 2216.160 ; gain = 96.695 ; free physical = 733 ; free virtual = 12007
---------------------------------------------------------------------------------
---------------------------------------------------------------------------------
Start RTL Component Statistics 
---------------------------------------------------------------------------------
Detailed RTL Component Info : 
+---Adders : 
	   2 Input   63 Bit       Adders := 1     
	   2 Input   32 Bit       Adders := 7     
	   3 Input   32 Bit       Adders := 1     
	   2 Input   16 Bit       Adders := 2     
	   2 Input   12 Bit       Adders := 1     
	   2 Input   10 Bit       Adders := 1     
	   2 Input    5 Bit       Adders := 2     
	   2 Input    4 Bit       Adders := 3     
+---XORs : 
	   2 Input     32 Bit         XORs := 1     
+---Registers : 
	               64 Bit    Registers := 2     
	               63 Bit    Registers := 1     
	               36 Bit    Registers := 1     
	               33 Bit    Registers := 2     
	               32 Bit    Registers := 18    
	               16 Bit    Registers := 3     
	               12 Bit    Registers := 1     
	               10 Bit    Registers := 2     
	                8 Bit    Registers := 11    
	                5 Bit    Registers := 6     
	                4 Bit    Registers := 6     
	                3 Bit    Registers := 2     
	                2 Bit    Registers := 6     
	                1 Bit    Registers := 109   
+---Multipliers : 
	              33x33  Multipliers := 1     
+---RAMs : 
	              32K Bit	(4096 X 8 bit)          RAMs := 4     
	             1024 Bit	(32 X 32 bit)          RAMs := 1     
+---ROMs : 
	                    ROMs := 1     
+---Muxes : 
	   2 Input   69 Bit        Muxes := 10    
	   3 Input   69 Bit        Muxes := 1     
	   2 Input   63 Bit        Muxes := 2     
	   2 Input   33 Bit        Muxes := 11    
	   4 Input   33 Bit        Muxes := 1     
	   2 Input   32 Bit        Muxes := 45    
	   7 Input   32 Bit        Muxes := 1     
	   9 Input   32 Bit        Muxes := 2     
	   3 Input   32 Bit        Muxes := 2     
	   4 Input   32 Bit        Muxes := 2     
	   2 Input   16 Bit        Muxes := 6     
	   2 Input   10 Bit        Muxes := 1     
	   2 Input    8 Bit        Muxes := 3     
	   9 Input    8 Bit        Muxes := 1     
	   4 Input    8 Bit        Muxes := 1     
	   2 Input    5 Bit        Muxes := 1     
	   9 Input    5 Bit        Muxes := 2     
	   2 Input    4 Bit        Muxes := 3     
	   4 Input    4 Bit        Muxes := 2     
	   5 Input    4 Bit        Muxes := 1     
	   2 Input    3 Bit        Muxes := 2     
	   6 Input    2 Bit        Muxes := 1     
	   2 Input    2 Bit        Muxes := 2     
	   9 Input    2 Bit        Muxes := 1     
	   2 Input    1 Bit        Muxes := 62    
	   4 Input    1 Bit        Muxes := 18    
	   9 Input    1 Bit        Muxes := 25    
	   6 Input    1 Bit        Muxes := 5     
---------------------------------------------------------------------------------
Finished RTL Component Statistics 
---------------------------------------------------------------------------------
---------------------------------------------------------------------------------
Start Part Resource Summary
---------------------------------------------------------------------------------
Part Resources:
DSPs: 90 (col length:60)
BRAMs: 100 (col length: RAMB18 60 RAMB36 30)
---------------------------------------------------------------------------------
Finished Part Resource Summary
---------------------------------------------------------------------------------
---------------------------------------------------------------------------------
Start Cross Boundary and Area Optimization
---------------------------------------------------------------------------------
DSP Report: Generating DSP rd0, operation Mode is: A2*B2.
DSP Report: register rs1_reg is absorbed into DSP rd0.
DSP Report: register rd0 is absorbed into DSP rd0.
DSP Report: operator rd0 is absorbed into DSP rd0.
DSP Report: operator rd0 is absorbed into DSP rd0.
DSP Report: Generating DSP rd_reg, operation Mode is: (PCIN>>17)+A2*B2.
DSP Report: register rs2_reg is absorbed into DSP rd_reg.
DSP Report: register rs1_reg is absorbed into DSP rd_reg.
DSP Report: register rd_reg is absorbed into DSP rd_reg.
DSP Report: operator rd0 is absorbed into DSP rd_reg.
DSP Report: operator rd0 is absorbed into DSP rd_reg.
DSP Report: Generating DSP rd0, operation Mode is: A2*B2.
DSP Report: register rd0 is absorbed into DSP rd0.
DSP Report: register rd0 is absorbed into DSP rd0.
DSP Report: operator rd0 is absorbed into DSP rd0.
DSP Report: operator rd0 is absorbed into DSP rd0.
DSP Report: Generating DSP rd_reg, operation Mode is: (PCIN>>17)+A2*B2.
DSP Report: register rs2_reg is absorbed into DSP rd_reg.
DSP Report: register rd_reg is absorbed into DSP rd_reg.
DSP Report: register rd_reg is absorbed into DSP rd_reg.
DSP Report: operator rd0 is absorbed into DSP rd_reg.
DSP Report: operator rd0 is absorbed into DSP rd_reg.
INFO: [Synth 8-3971] The signal "top_system/system/int_mem0/int_sram/gen_main_mem_byte[0].main_mem_byte/ram_reg" was recognized as a true dual port RAM template.
INFO: [Synth 8-3971] The signal "top_system/system/int_mem0/int_sram/gen_main_mem_byte[1].main_mem_byte/ram_reg" was recognized as a true dual port RAM template.
INFO: [Synth 8-3971] The signal "top_system/system/int_mem0/int_sram/gen_main_mem_byte[2].main_mem_byte/ram_reg" was recognized as a true dual port RAM template.
INFO: [Synth 8-3971] The signal "top_system/system/int_mem0/int_sram/gen_main_mem_byte[3].main_mem_byte/ram_reg" was recognized as a true dual port RAM template.
---------------------------------------------------------------------------------
Finished Cross Boundary and Area Optimization : Time (s): cpu = 00:00:23 ; elapsed = 00:00:26 . Memory (MB): peak = 2216.160 ; gain = 96.695 ; free physical = 697 ; free virtual = 11980
---------------------------------------------------------------------------------
---------------------------------------------------------------------------------
Start ROM, RAM, DSP and Shift Register Reporting
---------------------------------------------------------------------------------

ROM: Preliminary Mapping	Report
+------------+-----------------------------+---------------+----------------+
|Module Name | RTL Object                  | Depth x Width | Implemented As | 
+------------+-----------------------------+---------------+----------------+
|int_mem     | boot_ctr0/sp_rom0/rdata_reg | 1024x32       | Block RAM      | 
+------------+-----------------------------+---------------+----------------+


Block RAM: Preliminary Mapping	Report (see note below)
+------------+---------------------------------------------------------------------+------------------------+---+---+------------------------+---+---+------------------+--------+--------+
|Module Name | RTL Object                                                          | PORT A (Depth x Width) | W | R | PORT B (Depth x Width) | W | R | Ports driving FF | RAMB18 | RAMB36 | 
+------------+---------------------------------------------------------------------+------------------------+---+---+------------------------+---+---+------------------+--------+--------+
|top_system  | system/int_mem0/int_sram/gen_main_mem_byte[0].main_mem_byte/ram_reg | 4 K x 8(NO_CHANGE)     | W | R | 4 K x 8(NO_CHANGE)     | W | R | Port A and B     | 0      | 1      | 
|top_system  | system/int_mem0/int_sram/gen_main_mem_byte[1].main_mem_byte/ram_reg | 4 K x 8(NO_CHANGE)     | W | R | 4 K x 8(NO_CHANGE)     | W | R | Port A and B     | 0      | 1      | 
|top_system  | system/int_mem0/int_sram/gen_main_mem_byte[2].main_mem_byte/ram_reg | 4 K x 8(NO_CHANGE)     | W | R | 4 K x 8(NO_CHANGE)     | W | R | Port A and B     | 0      | 1      | 
|top_system  | system/int_mem0/int_sram/gen_main_mem_byte[3].main_mem_byte/ram_reg | 4 K x 8(NO_CHANGE)     | W | R | 4 K x 8(NO_CHANGE)     | W | R | Port A and B     | 0      | 1      | 
+------------+---------------------------------------------------------------------+------------------------+---+---+------------------------+---+---+------------------+--------+--------+

Note: The table above is a preliminary report that shows the Block RAMs at the current stage of the synthesis flow. Some Block RAMs may be reimplemented as non Block RAM primitives later in the synthesis flow. Multiple instantiated Block RAMs are reported only once. 

Distributed RAM: Preliminary Mapping	Report (see note below)
+---------------------------+-------------+-----------+----------------------+--------------+
|Module Name                | RTL Object  | Inference | Size (Depth x Width) | Primitives   | 
+---------------------------+-------------+-----------+----------------------+--------------+
|\system/cpu/picorv32_core  | cpuregs_reg | Implied   | 32 x 32              | RAM32M x 12	 | 
+---------------------------+-------------+-----------+----------------------+--------------+

Note: The table above is a preliminary report that shows the Distributed RAMs at the current stage of the synthesis flow. Some Distributed RAMs may be reimplemented as non Distributed RAM primitives later in the synthesis flow. Multiple instantiated RAMs are reported only once.

DSP: Preliminary Mapping	Report (see note below)
+-----------------------+------------------+--------+--------+--------+--------+--------+------+------+------+------+-------+------+------+
|Module Name            | DSP Mapping      | A Size | B Size | C Size | D Size | P Size | AREG | BREG | CREG | DREG | ADREG | MREG | PREG | 
+-----------------------+------------------+--------+--------+--------+--------+--------+------+------+------+------+-------+------+------+
|picorv32_pcpi_fast_mul | A2*B2            | 18     | 16     | -      | -      | 48     | 1    | 1    | -    | -    | -     | 0    | 0    | 
|picorv32_pcpi_fast_mul | (PCIN>>17)+A2*B2 | 16     | 16     | -      | -      | 48     | 1    | 1    | -    | -    | -     | 0    | 1    | 
|picorv32_pcpi_fast_mul | A2*B2            | 18     | 18     | -      | -      | 48     | 1    | 1    | -    | -    | -     | 0    | 0    | 
|picorv32_pcpi_fast_mul | (PCIN>>17)+A2*B2 | 18     | 16     | -      | -      | 48     | 1    | 1    | -    | -    | -     | 0    | 1    | 
+-----------------------+------------------+--------+--------+--------+--------+--------+------+------+------+------+-------+------+------+

Note: The table above is a preliminary report that shows the DSPs inferred at the current stage of the synthesis flow. Some DSP may be reimplemented as non DSP primitives later in the synthesis flow. Multiple instantiated DSPs are reported only once.
---------------------------------------------------------------------------------
Finished ROM, RAM, DSP and Shift Register Reporting
---------------------------------------------------------------------------------
---------------------------------------------------------------------------------
Start Applying XDC Timing Constraints
---------------------------------------------------------------------------------
---------------------------------------------------------------------------------
Finished Applying XDC Timing Constraints : Time (s): cpu = 00:00:29 ; elapsed = 00:00:33 . Memory (MB): peak = 2216.160 ; gain = 96.695 ; free physical = 538 ; free virtual = 11828
---------------------------------------------------------------------------------
---------------------------------------------------------------------------------
Start Timing Optimization
---------------------------------------------------------------------------------
---------------------------------------------------------------------------------
Finished Timing Optimization : Time (s): cpu = 00:00:30 ; elapsed = 00:00:33 . Memory (MB): peak = 2216.160 ; gain = 96.695 ; free physical = 535 ; free virtual = 11825
---------------------------------------------------------------------------------
---------------------------------------------------------------------------------
Start ROM, RAM, DSP and Shift Register Reporting
---------------------------------------------------------------------------------

Block RAM: Final Mapping	Report
+------------+---------------------------------------------------------------------+------------------------+---+---+------------------------+---+---+------------------+--------+--------+
|Module Name | RTL Object                                                          | PORT A (Depth x Width) | W | R | PORT B (Depth x Width) | W | R | Ports driving FF | RAMB18 | RAMB36 | 
+------------+---------------------------------------------------------------------+------------------------+---+---+------------------------+---+---+------------------+--------+--------+
|top_system  | system/int_mem0/int_sram/gen_main_mem_byte[0].main_mem_byte/ram_reg | 4 K x 8(NO_CHANGE)     | W | R | 4 K x 8(NO_CHANGE)     | W | R | Port A and B     | 0      | 1      | 
|top_system  | system/int_mem0/int_sram/gen_main_mem_byte[1].main_mem_byte/ram_reg | 4 K x 8(NO_CHANGE)     | W | R | 4 K x 8(NO_CHANGE)     | W | R | Port A and B     | 0      | 1      | 
|top_system  | system/int_mem0/int_sram/gen_main_mem_byte[2].main_mem_byte/ram_reg | 4 K x 8(NO_CHANGE)     | W | R | 4 K x 8(NO_CHANGE)     | W | R | Port A and B     | 0      | 1      | 
|top_system  | system/int_mem0/int_sram/gen_main_mem_byte[3].main_mem_byte/ram_reg | 4 K x 8(NO_CHANGE)     | W | R | 4 K x 8(NO_CHANGE)     | W | R | Port A and B     | 0      | 1      | 
+------------+---------------------------------------------------------------------+------------------------+---+---+------------------------+---+---+------------------+--------+--------+


Distributed RAM: Final Mapping	Report
+---------------------------+-------------+-----------+----------------------+--------------+
|Module Name                | RTL Object  | Inference | Size (Depth x Width) | Primitives   | 
+---------------------------+-------------+-----------+----------------------+--------------+
|\system/cpu/picorv32_core  | cpuregs_reg | Implied   | 32 x 32              | RAM32M x 12	 | 
+---------------------------+-------------+-----------+----------------------+--------------+

---------------------------------------------------------------------------------
Finished ROM, RAM, DSP and Shift Register Reporting
---------------------------------------------------------------------------------
---------------------------------------------------------------------------------
Start Technology Mapping
---------------------------------------------------------------------------------
INFO: [Synth 8-7052] The timing for the instance system/int_mem0/int_sram/gen_main_mem_byte[0].main_mem_byte/ram_reg (implemented as a Block RAM) might be sub-optimal as no optional output register could be merged into the ram block. Providing additional output register may help in improving timing.
INFO: [Synth 8-7052] The timing for the instance system/int_mem0/int_sram/gen_main_mem_byte[0].main_mem_byte/ram_reg (implemented as a Block RAM) might be sub-optimal as no optional output register could be merged into the ram block. Providing additional output register may help in improving timing.
INFO: [Synth 8-7052] The timing for the instance system/int_mem0/int_sram/gen_main_mem_byte[1].main_mem_byte/ram_reg (implemented as a Block RAM) might be sub-optimal as no optional output register could be merged into the ram block. Providing additional output register may help in improving timing.
INFO: [Synth 8-7052] The timing for the instance system/int_mem0/int_sram/gen_main_mem_byte[1].main_mem_byte/ram_reg (implemented as a Block RAM) might be sub-optimal as no optional output register could be merged into the ram block. Providing additional output register may help in improving timing.
INFO: [Synth 8-7052] The timing for the instance system/int_mem0/int_sram/gen_main_mem_byte[2].main_mem_byte/ram_reg (implemented as a Block RAM) might be sub-optimal as no optional output register could be merged into the ram block. Providing additional output register may help in improving timing.
INFO: [Synth 8-7052] The timing for the instance system/int_mem0/int_sram/gen_main_mem_byte[2].main_mem_byte/ram_reg (implemented as a Block RAM) might be sub-optimal as no optional output register could be merged into the ram block. Providing additional output register may help in improving timing.
INFO: [Synth 8-7052] The timing for the instance system/int_mem0/int_sram/gen_main_mem_byte[3].main_mem_byte/ram_reg (implemented as a Block RAM) might be sub-optimal as no optional output register could be merged into the ram block. Providing additional output register may help in improving timing.
INFO: [Synth 8-7052] The timing for the instance system/int_mem0/int_sram/gen_main_mem_byte[3].main_mem_byte/ram_reg (implemented as a Block RAM) might be sub-optimal as no optional output register could be merged into the ram block. Providing additional output register may help in improving timing.
INFO: [Synth 8-7052] The timing for the instance system/int_mem0/boot_ctr0/sp_rom0/rdata_reg (implemented as a Block RAM) might be sub-optimal as no optional output register could be merged into the ram block. Providing additional output register may help in improving timing.
---------------------------------------------------------------------------------
Finished Technology Mapping : Time (s): cpu = 00:00:31 ; elapsed = 00:00:35 . Memory (MB): peak = 2234.184 ; gain = 114.719 ; free physical = 484 ; free virtual = 11812
---------------------------------------------------------------------------------
---------------------------------------------------------------------------------
Start IO Insertion
---------------------------------------------------------------------------------
---------------------------------------------------------------------------------
Start Flattening Before IO Insertion
---------------------------------------------------------------------------------
---------------------------------------------------------------------------------
Finished Flattening Before IO Insertion
---------------------------------------------------------------------------------
---------------------------------------------------------------------------------
Start Final Netlist Cleanup
---------------------------------------------------------------------------------
---------------------------------------------------------------------------------
Finished Final Netlist Cleanup
---------------------------------------------------------------------------------
---------------------------------------------------------------------------------
Finished IO Insertion : Time (s): cpu = 00:00:34 ; elapsed = 00:00:37 . Memory (MB): peak = 2237.152 ; gain = 117.688 ; free physical = 547 ; free virtual = 11784
---------------------------------------------------------------------------------
---------------------------------------------------------------------------------
Start Renaming Generated Instances
---------------------------------------------------------------------------------
---------------------------------------------------------------------------------
Finished Renaming Generated Instances : Time (s): cpu = 00:00:34 ; elapsed = 00:00:37 . Memory (MB): peak = 2237.152 ; gain = 117.688 ; free physical = 547 ; free virtual = 11784
---------------------------------------------------------------------------------
---------------------------------------------------------------------------------
Start Rebuilding User Hierarchy
---------------------------------------------------------------------------------
---------------------------------------------------------------------------------
Finished Rebuilding User Hierarchy : Time (s): cpu = 00:00:34 ; elapsed = 00:00:38 . Memory (MB): peak = 2237.152 ; gain = 117.688 ; free physical = 546 ; free virtual = 11783
---------------------------------------------------------------------------------
---------------------------------------------------------------------------------
Start Renaming Generated Ports
---------------------------------------------------------------------------------
---------------------------------------------------------------------------------
Finished Renaming Generated Ports : Time (s): cpu = 00:00:34 ; elapsed = 00:00:38 . Memory (MB): peak = 2237.152 ; gain = 117.688 ; free physical = 546 ; free virtual = 11783
---------------------------------------------------------------------------------
---------------------------------------------------------------------------------
Start Handling Custom Attributes
---------------------------------------------------------------------------------
---------------------------------------------------------------------------------
Finished Handling Custom Attributes : Time (s): cpu = 00:00:34 ; elapsed = 00:00:38 . Memory (MB): peak = 2240.121 ; gain = 120.656 ; free physical = 546 ; free virtual = 11783
---------------------------------------------------------------------------------
---------------------------------------------------------------------------------
Start Renaming Generated Nets
---------------------------------------------------------------------------------
---------------------------------------------------------------------------------
Finished Renaming Generated Nets : Time (s): cpu = 00:00:34 ; elapsed = 00:00:38 . Memory (MB): peak = 2240.121 ; gain = 120.656 ; free physical = 546 ; free virtual = 11783
---------------------------------------------------------------------------------
---------------------------------------------------------------------------------
Start Writing Synthesis Report
---------------------------------------------------------------------------------

Report BlackBoxes: 
+------+--------------+----------+
|      |BlackBox name |Instances |
+------+--------------+----------+
|1     |knn_core      |         1|
+------+--------------+----------+

Report Cell Usage: 
+------+---------+------+
|      |Cell     |Count |
+------+---------+------+
|1     |knn_core |     1|
|2     |BUFG     |     2|
|3     |CARRY4   |   177|
|4     |DSP48E1  |     4|
|8     |LUT1     |   154|
|9     |LUT2     |   258|
|10    |LUT3     |   262|
|11    |LUT4     |   323|
|12    |LUT5     |   377|
|13    |LUT6     |   703|
|14    |MUXF7    |     1|
|15    |RAM32M   |    12|
|16    |RAMB36E1 |     5|
|21    |FDCE     |   205|
|22    |FDPE     |    30|
|23    |FDRE     |   889|
|24    |FDSE     |     7|
|25    |LD       |    68|
|26    |IBUF     |     3|
|27    |OBUF     |     1|
+------+---------+------+
---------------------------------------------------------------------------------
Finished Writing Synthesis Report : Time (s): cpu = 00:00:34 ; elapsed = 00:00:38 . Memory (MB): peak = 2240.121 ; gain = 120.656 ; free physical = 546 ; free virtual = 11783
---------------------------------------------------------------------------------
Synthesis finished with 0 errors, 0 critical warnings and 3 warnings.
Synthesis Optimization Runtime : Time (s): cpu = 00:00:32 ; elapsed = 00:00:36 . Memory (MB): peak = 2240.121 ; gain = 23.961 ; free physical = 610 ; free virtual = 11847
Synthesis Optimization Complete : Time (s): cpu = 00:00:34 ; elapsed = 00:00:38 . Memory (MB): peak = 2240.129 ; gain = 120.656 ; free physical = 610 ; free virtual = 11847
INFO: [Project 1-571] Translating synthesized netlist
Netlist sorting complete. Time (s): cpu = 00:00:00.03 ; elapsed = 00:00:00.03 . Memory (MB): peak = 2240.129 ; gain = 0.000 ; free physical = 656 ; free virtual = 11897
INFO: [Netlist 29-17] Analyzing 267 Unisim elements for replacement
INFO: [Netlist 29-28] Unisim Transformation completed in 0 CPU seconds
INFO: [Project 1-570] Preparing netlist for logic optimization
Parsing XDC File [/home/cesar/EComp/iob-soc-knn/hardware/fpga/BASYS3/synth_system.xdc]
Finished Parsing XDC File [/home/cesar/EComp/iob-soc-knn/hardware/fpga/BASYS3/synth_system.xdc]
INFO: [Opt 31-138] Pushed 0 inverter(s) to 0 load pin(s).
CRITICAL WARNING: [Project 1-486] Could not resolve non-primitive black box cell 'knn_core' instantiated as 'system/knn/knn0' [/home/cesar/EComp/iob-soc-knn/submodules/KNN/hardware/src/iob_knn.v:33]
Netlist sorting complete. Time (s): cpu = 00:00:00 ; elapsed = 00:00:00 . Memory (MB): peak = 2240.129 ; gain = 0.000 ; free physical = 553 ; free virtual = 11806
INFO: [Project 1-111] Unisim Transformation Summary:
  A total of 80 instances were transformed.
  LD => LDCE: 68 instances
  RAM32M => RAM32M (RAMD32(x6), RAMS32(x2)): 12 instances

INFO: [Common 17-83] Releasing license: Synthesis
89 Infos, 9 Warnings, 1 Critical Warnings and 0 Errors encountered.
synth_design completed successfully
synth_design: Time (s): cpu = 00:00:44 ; elapsed = 00:00:45 . Memory (MB): peak = 2240.129 ; gain = 120.766 ; free physical = 714 ; free virtual = 11967
# opt_design
Command: opt_design
Attempting to get a license for feature 'Implementation' and/or device 'xc7a35t'
INFO: [Common 17-349] Got license for feature 'Implementation' and/or device 'xc7a35t'
Running DRC as a precondition to command opt_design

Starting DRC Task
INFO: [DRC 23-27] Running DRC with 4 threads
ERROR: [DRC INBB-3] Black Box Instances: Cell 'system/knn/knn0' of type 'knn_core' has undefined contents and is considered a black box.  The contents of this cell must be defined for opt_design to complete successfully.
INFO: [Project 1-461] DRC finished with 1 Errors
INFO: [Project 1-462] Please refer to the DRC report (report_drc) for more information.
ERROR: [Vivado_Tcl 4-78] Error(s) found during DRC. Opt_design not run.

Time (s): cpu = 00:00:02 ; elapsed = 00:00:01 . Memory (MB): peak = 2286.980 ; gain = 46.852 ; free physical = 710 ; free virtual = 11963
INFO: [Common 17-83] Releasing license: Implementation
5 Infos, 0 Warnings, 0 Critical Warnings and 2 Errors encountered.
opt_design failed
ERROR: [Common 17-39] 'opt_design' failed due to earlier errors.

    while executing
"opt_design"
    (file "synth_system.tcl" line 101)
INFO: [Common 17-206] Exiting Vivado at Wed Nov 18 11:16:00 2020...
